info: ::1 - - [31/Jan/2024:04:57:41 +0000] "GET /api/v1/user/profile/mani@25 HTTP/1.1" 500 52 "-" "PostmanRuntime/7.36.1"

info: ::1 - - [31/Jan/2024:05:01:49 +0000] "GET /api/v1/user/login HTTP/1.1" 404 47 "-" "PostmanRuntime/7.36.1"

info: ::1 - - [31/Jan/2024:05:02:00 +0000] "GET /api/v1/user/login HTTP/1.1" 404 47 "-" "PostmanRuntime/7.36.1"

info: ::1 - - [31/Jan/2024:05:02:15 +0000] "GET /api/v1/user/registration HTTP/1.1" 404 47 "-" "PostmanRuntime/7.36.1"

info: ::1 - - [31/Jan/2024:05:02:38 +0000] "POST /api/v1/user/login HTTP/1.1" 200 199 "-" "PostmanRuntime/7.36.1"

info: ::1 - - [31/Jan/2024:05:04:19 +0000] "POST /api/v1/user/login HTTP/1.1" 500 240 "-" "PostmanRuntime/7.36.1"

info: ::1 - - [31/Jan/2024:05:04:23 +0000] "POST /api/v1/user/login HTTP/1.1" 500 240 "-" "PostmanRuntime/7.36.1"

info: ::1 - - [31/Jan/2024:05:07:52 +0000] "POST /api/v1/user/login HTTP/1.1" 200 199 "-" "PostmanRuntime/7.36.1"

info: ::1 - - [31/Jan/2024:05:08:45 +0000] "POST /api/v1/user/profile/65b8c8c578fa8319804e23ac' HTTP/1.1" 404 47 "-" "PostmanRuntime/7.36.1"

info: ::1 - - [31/Jan/2024:05:08:54 +0000] "GET /api/v1/user/profile/65b8c8c578fa8319804e23ac' HTTP/1.1" 500 52 "-" "PostmanRuntime/7.36.1"

info: ::1 - - [31/Jan/2024:05:09:05 +0000] "GET /api/v1/user/profile/65b8c8c578fa8319804e23ac HTTP/1.1" 500 52 "-" "PostmanRuntime/7.36.1"

info: ::1 - - [31/Jan/2024:05:13:17 +0000] "GET /api/v1/user/profile/65b8c8c578fa8319804e23ac HTTP/1.1" 500 52 "-" "PostmanRuntime/7.36.1"

info: ::1 - - [31/Jan/2024:05:14:08 +0000] "GET /api/v1/user/profile/65b8c8c578fa8319804e23ac HTTP/1.1" 200 322 "-" "PostmanRuntime/7.36.1"

info: ::1 - - [31/Jan/2024:06:06:28 +0000] "GET /api/v1/user/userid/65b8c8c578fa8319804e23ac HTTP/1.1" 200 322 "-" "PostmanRuntime/7.36.1"

info: ::1 - - [31/Jan/2024:06:08:01 +0000] "POST /api/v1/user/registration HTTP/1.1" 500 90 "-" "PostmanRuntime/7.36.1"

info: ::1 - - [31/Jan/2024:06:08:13 +0000] "POST /api/v1/user/registration HTTP/1.1" 500 89 "-" "PostmanRuntime/7.36.1"

info: ::1 - - [31/Jan/2024:06:08:29 +0000] "POST /api/v1/user/registration HTTP/1.1" 201 335 "-" "PostmanRuntime/7.36.1"

info: ::1 - - [31/Jan/2024:06:09:19 +0000] "POST /api/v1/user/login HTTP/1.1" 200 529 "-" "PostmanRuntime/7.36.1"

info: ::1 - - [31/Jan/2024:06:10:30 +0000] "POST /api/v1/user/registration HTTP/1.1" 201 340 "-" "PostmanRuntime/7.36.1"

info: ::1 - - [31/Jan/2024:06:10:55 +0000] "POST /api/v1/user/login HTTP/1.1" 200 534 "-" "PostmanRuntime/7.36.1"

info: ::1 - - [31/Jan/2024:06:11:56 +0000] "GET /api/v1/user/userprofileid/65b9e45604b5522854837968 HTTP/1.1" 200 331 "-" "PostmanRuntime/7.36.1"

info: ::1 - - [31/Jan/2024:06:12:34 +0000] "GET /api/v1/user/login HTTP/1.1" 404 47 "-" "PostmanRuntime/7.36.1"

info: ::1 - - [31/Jan/2024:06:12:39 +0000] "POST /api/v1/user/login HTTP/1.1" 200 534 "-" "PostmanRuntime/7.36.1"

