info: ::1 - - [23/Jan/2024:09:46:17 +0000] "GET /api/v1/users/alldata HTTP/1.1" 400 56 "-" "PostmanRuntime/7.32.3"

info: ::1 - - [23/Jan/2024:10:05:39 +0000] "GET /api/v1/users/alldata HTTP/1.1" 400 56 "-" "PostmanRuntime/7.32.3"

info: ::1 - - [23/Jan/2024:10:17:53 +0000] "GET /api/v1/users/alldata/SaiManikanta-1705920605300 HTTP/1.1" 404 47 "-" "PostmanRuntime/7.32.3"

info: ::1 - - [23/Jan/2024:10:22:11 +0000] "GET /api/v1/users/alldata/ HTTP/1.1" 400 56 "-" "PostmanRuntime/7.32.3"

info: ::1 - - [23/Jan/2024:10:25:17 +0000] "POST /api/v1/users/ HTTP/1.1" 500 98 "-" "PostmanRuntime/7.32.3"

info: ::1 - - [23/Jan/2024:10:26:38 +0000] "POST /api/v1/users/ HTTP/1.1" 500 98 "-" "PostmanRuntime/7.32.3"

info: ::1 - - [23/Jan/2024:10:28:06 +0000] "POST /api/v1/users/ HTTP/1.1" 500 98 "-" "PostmanRuntime/7.32.3"

info: ::1 - - [23/Jan/2024:10:29:29 +0000] "POST /api/v1/users/ HTTP/1.1" 500 98 "-" "PostmanRuntime/7.32.3"

info: ::1 - - [23/Jan/2024:10:29:55 +0000] "GET /api/v1/users/ HTTP/1.1" 500 93 "-" "PostmanRuntime/7.32.3"

info: ::1 - - [23/Jan/2024:10:31:28 +0000] "POST /api/v1/users/ HTTP/1.1" 500 98 "-" "PostmanRuntime/7.32.3"

info: ::1 - - [23/Jan/2024:10:32:15 +0000] "POST /api/v1/users/ HTTP/1.1" 500 98 "-" "PostmanRuntime/7.32.3"

info: ::1 - - [23/Jan/2024:10:32:44 +0000] "GET /api/v1/users/ HTTP/1.1" 500 93 "-" "PostmanRuntime/7.32.3"

info: ::1 - - [23/Jan/2024:10:34:24 +0000] "GET /api/v1 HTTP/1.1" 200 9 "-" "PostmanRuntime/7.32.3"

info: ::1 - - [23/Jan/2024:10:45:47 +0000] "POST /api/v1/users HTTP/1.1" 500 55 "-" "PostmanRuntime/7.32.3"

info: ::1 - - [23/Jan/2024:10:46:07 +0000] "POST /api/v1/users HTTP/1.1" 500 55 "-" "PostmanRuntime/7.32.3"

info: ::1 - - [23/Jan/2024:10:46:49 +0000] "POST /api/v1/users HTTP/1.1" 500 55 "-" "PostmanRuntime/7.32.3"

info: ::1 - - [23/Jan/2024:10:47:11 +0000] "POST /api/v1/users HTTP/1.1" 500 98 "-" "PostmanRuntime/7.32.3"

info: ::1 - - [23/Jan/2024:10:48:01 +0000] "POST /api/v1/users HTTP/1.1" 500 98 "-" "PostmanRuntime/7.32.3"

info: ::1 - - [23/Jan/2024:10:51:30 +0000] "POST /api/v1/users HTTP/1.1" 500 98 "-" "PostmanRuntime/7.32.3"

info: ::1 - - [23/Jan/2024:10:55:04 +0000] "GET /api/v1/ HTTP/1.1" 200 9 "-" "PostmanRuntime/7.32.3"

info: ::1 - - [23/Jan/2024:10:56:11 +0000] "POST /api/v1/users HTTP/1.1" 500 98 "-" "PostmanRuntime/7.32.3"

info: ::1 - - [23/Jan/2024:10:56:47 +0000] "POST /api/v1/users HTTP/1.1" 500 98 "-" "PostmanRuntime/7.32.3"

info: ::1 - - [23/Jan/2024:10:57:26 +0000] "POST /api/v1/users HTTP/1.1" 500 98 "-" "PostmanRuntime/7.32.3"

info: ::1 - - [23/Jan/2024:11:14:09 +0000] "GET /api/v1/ HTTP/1.1" 404 47 "-" "PostmanRuntime/7.36.1"

info: ::1 - - [23/Jan/2024:11:14:41 +0000] "GET /api/v1/users HTTP/1.1" 500 93 "-" "PostmanRuntime/7.36.1"

info: ::1 - - [23/Jan/2024:11:15:14 +0000] "GET /api/v1/users HTTP/1.1" 500 93 "-" "PostmanRuntime/7.36.1"

info: ::1 - - [23/Jan/2024:11:15:43 +0000] "GET /api/v1/ HTTP/1.1" 200 9 "-" "PostmanRuntime/7.36.1"

info: ::1 - - [23/Jan/2024:11:17:09 +0000] "GET /api/v1/ HTTP/1.1" 200 9 "-" "PostmanRuntime/7.36.1"

info: ::1 - - [23/Jan/2024:11:19:23 +0000] "GET /api/v1/ HTTP/1.1" 200 9 "-" "PostmanRuntime/7.36.1"

info: ::1 - - [23/Jan/2024:11:21:50 +0000] "GET /api/v1/users HTTP/1.1" 500 93 "-" "PostmanRuntime/7.36.1"

info: ::1 - - [23/Jan/2024:11:22:03 +0000] "POST /api/v1/users HTTP/1.1" 500 98 "-" "PostmanRuntime/7.36.1"

info: ::1 - - [23/Jan/2024:11:23:20 +0000] "GET /api/v1/ HTTP/1.1" 404 47 "-" "Mozilla/5.0 (Windows NT 10.0; Win64; x64) AppleWebKit/537.36 (KHTML, like Gecko) Chrome/120.0.0.0 Safari/537.36"

info: ::1 - - [23/Jan/2024:11:23:21 +0000] "GET /favicon.ico HTTP/1.1" 404 47 "-" "Mozilla/5.0 (Windows NT 10.0; Win64; x64) AppleWebKit/537.36 (KHTML, like Gecko) Chrome/120.0.0.0 Safari/537.36"

info: ::1 - - [23/Jan/2024:11:24:01 +0000] "GET /api/v1/ HTTP/1.1" 404 47 "-" "Mozilla/5.0 (Windows NT 10.0; Win64; x64) AppleWebKit/537.36 (KHTML, like Gecko) Chrome/120.0.0.0 Safari/537.36"

info: ::1 - - [23/Jan/2024:11:24:02 +0000] "GET /favicon.ico HTTP/1.1" 404 47 "-" "Mozilla/5.0 (Windows NT 10.0; Win64; x64) AppleWebKit/537.36 (KHTML, like Gecko) Chrome/120.0.0.0 Safari/537.36"

info: ::1 - - [23/Jan/2024:11:27:42 +0000] "GET /api/v1/ HTTP/1.1" 404 47 "-" "Mozilla/5.0 (Windows NT 10.0; Win64; x64) AppleWebKit/537.36 (KHTML, like Gecko) Chrome/120.0.0.0 Safari/537.36"

info: ::1 - - [23/Jan/2024:11:28:09 +0000] "POST /api/v1/users HTTP/1.1" 500 98 "-" "PostmanRuntime/7.36.1"

info: ::1 - - [23/Jan/2024:11:30:06 +0000] "POST /api/v1/users HTTP/1.1" 500 98 "-" "PostmanRuntime/7.36.1"

info: ::1 - - [23/Jan/2024:11:31:15 +0000] "POST /api/v1/users HTTP/1.1" 201 197 "-" "PostmanRuntime/7.36.1"

info: ::1 - - [23/Jan/2024:11:31:25 +0000] "GET /api/v1/users/65afa38226cd862ac4cbee38 HTTP/1.1" 200 197 "-" "PostmanRuntime/7.36.1"

info: ::1 - - [23/Jan/2024:11:31:33 +0000] "GET /api/v1/ HTTP/1.1" 404 47 "-" "Mozilla/5.0 (Windows NT 10.0; Win64; x64) AppleWebKit/537.36 (KHTML, like Gecko) Chrome/120.0.0.0 Safari/537.36"

info: ::1 - - [23/Jan/2024:11:31:46 +0000] "GET /api/v1/ HTTP/1.1" 404 47 "-" "Mozilla/5.0 (Windows NT 10.0; Win64; x64) AppleWebKit/537.36 (KHTML, like Gecko) Chrome/120.0.0.0 Safari/537.36"

info: ::1 - - [23/Jan/2024:11:31:48 +0000] "GET /favicon.ico HTTP/1.1" 404 47 "-" "Mozilla/5.0 (Windows NT 10.0; Win64; x64) AppleWebKit/537.36 (KHTML, like Gecko) Chrome/120.0.0.0 Safari/537.36"

info: ::1 - - [23/Jan/2024:11:34:12 +0000] "POST /api/v1/users/65afa38226cd862ac4cbee38 HTTP/1.1" 404 47 "-" "PostmanRuntime/7.36.1"

info: ::1 - - [23/Jan/2024:11:34:19 +0000] "POST /api/v1/users HTTP/1.1" 500 85 "-" "PostmanRuntime/7.36.1"

info: ::1 - - [23/Jan/2024:11:34:46 +0000] "POST /api/v1/users HTTP/1.1" 201 192 "-" "PostmanRuntime/7.36.1"

info: ::1 - - [23/Jan/2024:11:35:00 +0000] "GET /api/v1/users/65afa45626cd862ac4cbee3b HTTP/1.1" 200 192 "-" "PostmanRuntime/7.36.1"

info: ::1 - - [23/Jan/2024:11:37:00 +0000] "GET /api/v1/users HTTP/1.1" 200 339 "-" "PostmanRuntime/7.36.1"

info: ::1 - - [23/Jan/2024:11:37:52 +0000] "POST /api/v1/users HTTP/1.1" 201 196 "-" "PostmanRuntime/7.36.1"

info: ::1 - - [23/Jan/2024:11:38:09 +0000] "GET /api/v1/users/65afa51026cd862ac4cbee3f HTTP/1.1" 200 196 "-" "PostmanRuntime/7.36.1"

info: ::1 - - [23/Jan/2024:11:45:58 +0000] "GET /api/v1/users/ HTTP/1.1" 200 478 "-" "PostmanRuntime/7.36.1"

info: ::1 - - [23/Jan/2024:11:46:04 +0000] "POST /api/v1/users/ HTTP/1.1" 500 55 "-" "PostmanRuntime/7.36.1"

info: ::1 - - [23/Jan/2024:11:46:18 +0000] "POST /api/v1/users/ HTTP/1.1" 201 201 "-" "PostmanRuntime/7.36.1"

info: ::1 - - [23/Jan/2024:11:49:06 +0000] "POST /api/v1/users HTTP/1.1" 201 201 "-" "PostmanRuntime/7.36.1"

info: ::1 - - [23/Jan/2024:11:49:32 +0000] "POST /api/v1/users HTTP/1.1" 201 201 "-" "PostmanRuntime/7.36.1"

info: ::1 - - [23/Jan/2024:11:51:48 +0000] "POST /api/v1/users HTTP/1.1" 201 201 "-" "PostmanRuntime/7.36.1"

info: ::1 - - [23/Jan/2024:11:53:19 +0000] "GET /api/v1/ HTTP/1.1" 404 47 "-" "PostmanRuntime/7.36.1"

info: ::1 - - [23/Jan/2024:11:53:27 +0000] "GET /api/v1/users HTTP/1.1" 200 1054 "-" "PostmanRuntime/7.36.1"

info: ::1 - - [23/Jan/2024:11:54:37 +0000] "GET /api/v1/users HTTP/1.1" 500 127 "-" "PostmanRuntime/7.36.1"

info: ::1 - - [23/Jan/2024:11:54:56 +0000] "GET /api/v1 HTTP/1.1" 200 22 "-" "PostmanRuntime/7.36.1"

info: ::1 - - [23/Jan/2024:11:56:11 +0000] "GET /api/v1/users HTTP/1.1" 404 47 "-" "PostmanRuntime/7.36.1"

info: ::1 - - [23/Jan/2024:11:56:16 +0000] "POST /api/v1/users HTTP/1.1" 404 47 "-" "PostmanRuntime/7.36.1"

info: ::1 - - [23/Jan/2024:11:56:55 +0000] "POST /api/v1/user1 HTTP/1.1" 201 192 "-" "PostmanRuntime/7.36.1"

info: ::1 - - [23/Jan/2024:11:57:09 +0000] "GET /api/v1/user1/65afa987fcf7405810cc3990 HTTP/1.1" 200 192 "-" "PostmanRuntime/7.36.1"

info: ::1 - - [23/Jan/2024:11:57:22 +0000] "POST /api/v1/user1/ HTTP/1.1" 201 192 "-" "PostmanRuntime/7.36.1"

info: ::1 - - [23/Jan/2024:11:57:49 +0000] "GET /api/v1/user1/65afa9a1fcf7405810cc3993 HTTP/1.1" 200 192 "-" "PostmanRuntime/7.36.1"

