info: ::1 - - [29/Jan/2024:05:58:03 +0000] "POST /api/v1/newuser1 HTTP/1.1" 404 47 "-" "PostmanRuntime/7.36.1"

info: ::1 - - [29/Jan/2024:05:58:36 +0000] "POST /api/v1/newuser1 HTTP/1.1" 404 47 "-" "PostmanRuntime/7.36.1"

info: ::1 - - [29/Jan/2024:05:59:01 +0000] "POST /api/v1 HTTP/1.1" 404 47 "-" "PostmanRuntime/7.36.1"

info: ::1 - - [29/Jan/2024:05:59:10 +0000] "POST /api/v1/ HTTP/1.1" 404 47 "-" "PostmanRuntime/7.36.1"

info: ::1 - - [29/Jan/2024:05:59:35 +0000] "POST /api/v1/newuser1 HTTP/1.1" 404 47 "-" "PostmanRuntime/7.36.1"

info: ::1 - - [29/Jan/2024:05:59:56 +0000] "POST /api/v1/newuser1 HTTP/1.1" 404 47 "-" "PostmanRuntime/7.36.1"

info: ::1 - - [29/Jan/2024:06:00:54 +0000] "POST /api/v1/newuser1/registration HTTP/1.1" 500 86 "-" "PostmanRuntime/7.36.1"

info: ::1 - - [29/Jan/2024:06:01:20 +0000] "POST /api/v1/newuser1/registration HTTP/1.1" 201 303 "-" "PostmanRuntime/7.36.1"

info: ::1 - - [29/Jan/2024:06:01:50 +0000] "POST /api/v1/newuser1/login HTTP/1.1" 404 47 "-" "PostmanRuntime/7.36.1"

info: ::1 - - [29/Jan/2024:06:02:03 +0000] "POST /api/v1/newuser1/login HTTP/1.1" 404 47 "-" "PostmanRuntime/7.36.1"

info: ::1 - - [29/Jan/2024:06:02:25 +0000] "POST /api/v1/newuser1/login HTTP/1.1" 200 62 "-" "PostmanRuntime/7.36.1"

info: ::1 - - [29/Jan/2024:06:03:15 +0000] "POST /api/v1/newuser1/login HTTP/1.1" 200 62 "-" "PostmanRuntime/7.36.1"

info: ::1 - - [29/Jan/2024:06:03:40 +0000] "POST /api/v1/newuser1/login HTTP/1.1" 200 50 "-" "PostmanRuntime/7.36.1"

info: ::1 - - [29/Jan/2024:06:04:04 +0000] "POST /api/v1/newuser1/login HTTP/1.1" 200 50 "-" "PostmanRuntime/7.36.1"

info: ::1 - - [29/Jan/2024:06:04:18 +0000] "POST /api/v1/newuser1/login HTTP/1.1" 200 50 "-" "PostmanRuntime/7.36.1"

info: ::1 - - [29/Jan/2024:06:06:43 +0000] "POST /api/v1/newuser1/login HTTP/1.1" 200 42 "-" "PostmanRuntime/7.36.1"

info: ::1 - - [29/Jan/2024:06:07:33 +0000] "POST /api/v1/newuser1/registration HTTP/1.1" 201 50 "-" "PostmanRuntime/7.36.1"

info: ::1 - - [29/Jan/2024:06:08:05 +0000] "POST /api/v1/newuser1/registration HTTP/1.1" 201 50 "-" "PostmanRuntime/7.36.1"

info: ::1 - - [29/Jan/2024:06:08:07 +0000] "POST /api/v1/newuser1/registration HTTP/1.1" 201 50 "-" "PostmanRuntime/7.36.1"

info: ::1 - - [29/Jan/2024:06:11:13 +0000] "POST /api/v1/newuser1/registration HTTP/1.1" 201 50 "-" "PostmanRuntime/7.36.1"

info: ::1 - - [29/Jan/2024:06:11:16 +0000] "POST /api/v1/newuser1/registration HTTP/1.1" 201 50 "-" "PostmanRuntime/7.36.1"

info: ::1 - - [29/Jan/2024:06:37:13 +0000] "POST /api/v1/newuser1/registration HTTP/1.1" 201 50 "-" "PostmanRuntime/7.36.1"

info: ::1 - - [29/Jan/2024:06:37:16 +0000] "POST /api/v1/newuser1/registration HTTP/1.1" 201 50 "-" "PostmanRuntime/7.36.1"

info: ::1 - - [29/Jan/2024:06:52:03 +0000] "POST /api/v1/newuser1/registration HTTP/1.1" 500 60 "-" "PostmanRuntime/7.36.1"

info: ::1 - - [29/Jan/2024:06:52:16 +0000] "POST /api/v1/newuser1/registration HTTP/1.1" 500 74 "-" "PostmanRuntime/7.36.1"

info: ::1 - - [29/Jan/2024:06:52:24 +0000] "POST /api/v1/newuser1/registration HTTP/1.1" 500 74 "-" "PostmanRuntime/7.36.1"

info: ::1 - - [29/Jan/2024:06:52:41 +0000] "POST /api/v1/newuser1/login HTTP/1.1" 200 41 "-" "PostmanRuntime/7.36.1"

info: ::1 - - [29/Jan/2024:06:52:51 +0000] "POST /api/v1/newuser1/login HTTP/1.1" 200 41 "-" "PostmanRuntime/7.36.1"

info: ::1 - - [29/Jan/2024:06:54:50 +0000] "POST /api/v1/newuser1/login HTTP/1.1" 200 41 "-" "PostmanRuntime/7.36.1"

info: ::1 - - [29/Jan/2024:06:54:57 +0000] "POST /api/v1/newuser1/login HTTP/1.1" 200 41 "-" "PostmanRuntime/7.36.1"

info: ::1 - - [29/Jan/2024:06:55:14 +0000] "POST /api/v1/newuser1/login HTTP/1.1" 200 41 "-" "PostmanRuntime/7.36.1"

info: ::1 - - [29/Jan/2024:06:55:20 +0000] "POST /api/v1/newuser1/login HTTP/1.1" 200 41 "-" "PostmanRuntime/7.36.1"

info: ::1 - - [29/Jan/2024:06:56:12 +0000] "POST /api/v1/newuser1/login HTTP/1.1" 200 41 "-" "PostmanRuntime/7.36.1"

info: ::1 - - [29/Jan/2024:06:56:56 +0000] "POST /api/v1/newuser1/login HTTP/1.1" 200 41 "-" "PostmanRuntime/7.36.1"

info: ::1 - - [29/Jan/2024:06:57:04 +0000] "POST /api/v1/newuser1/login HTTP/1.1" 200 41 "-" "PostmanRuntime/7.36.1"

info: ::1 - - [29/Jan/2024:06:57:38 +0000] "POST /api/v1/newuser1/registration HTTP/1.1" 500 60 "-" "PostmanRuntime/7.36.1"

info: ::1 - - [29/Jan/2024:06:58:25 +0000] "POST /api/v1/newuser1/registration HTTP/1.1" 500 74 "-" "PostmanRuntime/7.36.1"

info: ::1 - - [29/Jan/2024:06:58:30 +0000] "POST /api/v1/newuser1/registration HTTP/1.1" 500 74 "-" "PostmanRuntime/7.36.1"

info: ::1 - - [29/Jan/2024:06:58:32 +0000] "POST /api/v1/newuser1/registration HTTP/1.1" 500 74 "-" "PostmanRuntime/7.36.1"

info: ::1 - - [29/Jan/2024:06:58:44 +0000] "POST /api/v1/newuser1/registration HTTP/1.1" 201 50 "-" "PostmanRuntime/7.36.1"

info: ::1 - - [29/Jan/2024:06:58:54 +0000] "POST /api/v1/newuser1/login HTTP/1.1" 200 41 "-" "PostmanRuntime/7.36.1"

info: ::1 - - [29/Jan/2024:06:58:59 +0000] "POST /api/v1/newuser1/login HTTP/1.1" 200 41 "-" "PostmanRuntime/7.36.1"

info: ::1 - - [29/Jan/2024:07:00:19 +0000] "POST /api/v1/user/login HTTP/1.1" 200 41 "-" "PostmanRuntime/7.36.1"

info: ::1 - - [29/Jan/2024:07:03:03 +0000] "POST /api/v1/user/login HTTP/1.1" 500 51 "-" "PostmanRuntime/7.36.1"

info: ::1 - - [29/Jan/2024:07:03:08 +0000] "POST /api/v1/user/login HTTP/1.1" 200 294 "-" "PostmanRuntime/7.36.1"

info: ::1 - - [29/Jan/2024:08:40:19 +0000] "POST /api/v1/user/login HTTP/1.1" 200 294 "-" "PostmanRuntime/7.36.1"

info: ::1 - - [29/Jan/2024:08:41:54 +0000] "POST /api/v1/user/login HTTP/1.1" 200 294 "-" "PostmanRuntime/7.36.1"

info: ::1 - - [29/Jan/2024:08:57:32 +0000] "POST /api/v1/user/login HTTP/1.1" 200 294 "-" "PostmanRuntime/7.36.1"

info: ::1 - - [29/Jan/2024:09:01:22 +0000] "POST /api/v1/user/registration HTTP/1.1" 201 50 "-" "PostmanRuntime/7.36.1"

info: ::1 - - [29/Jan/2024:09:01:39 +0000] "POST /api/v1/user/login HTTP/1.1" 200 322 "-" "PostmanRuntime/7.36.1"

info: ::1 - - [29/Jan/2024:09:16:12 +0000] "POST /api/v1/user/login HTTP/1.1" 200 322 "-" "PostmanRuntime/7.36.1"

info: ::1 - - [29/Jan/2024:09:36:13 +0000] "POST /api/v1/user/login HTTP/1.1" 200 322 "-" "PostmanRuntime/7.36.1"

info: ::1 - - [29/Jan/2024:09:36:33 +0000] "POST /api/v1/user/login HTTP/1.1" 500 49 "-" "PostmanRuntime/7.36.1"

info: ::1 - - [29/Jan/2024:09:36:46 +0000] "POST /api/v1/user/login HTTP/1.1" 500 51 "-" "PostmanRuntime/7.36.1"

info: ::1 - - [29/Jan/2024:09:37:00 +0000] "POST /api/v1/user/login HTTP/1.1" 500 67 "-" "PostmanRuntime/7.36.1"

info: ::1 - - [29/Jan/2024:10:53:50 +0000] "POST /api/v1/user/login HTTP/1.1" 500 67 "-" "PostmanRuntime/7.36.1"

info: ::1 - - [29/Jan/2024:10:53:55 +0000] "POST /api/v1/user/login HTTP/1.1" 500 51 "-" "PostmanRuntime/7.36.1"

info: ::1 - - [29/Jan/2024:10:54:03 +0000] "POST /api/v1/user/login HTTP/1.1" 500 51 "-" "PostmanRuntime/7.36.1"

info: ::1 - - [29/Jan/2024:10:54:14 +0000] "POST /api/v1/user/login HTTP/1.1" 200 322 "-" "PostmanRuntime/7.36.1"

info: ::1 - - [29/Jan/2024:11:52:03 +0000] "POST /api/v1/user/login HTTP/1.1" 200 172 "-" "PostmanRuntime/7.36.1"

info: ::1 - - [29/Jan/2024:11:53:18 +0000] "POST /api/v1/user/login HTTP/1.1" 200 199 "-" "PostmanRuntime/7.36.1"

info: ::1 - - [29/Jan/2024:12:24:52 +0000] "POST /api/v1/user/login HTTP/1.1" 500 67 "-" "PostmanRuntime/7.36.1"

info: ::1 - - [29/Jan/2024:12:25:07 +0000] "POST /api/v1/user/registration HTTP/1.1" 500 60 "-" "PostmanRuntime/7.36.1"

info: ::1 - - [29/Jan/2024:12:25:16 +0000] "POST /api/v1/user/login HTTP/1.1" 500 67 "-" "PostmanRuntime/7.36.1"

info: ::1 - - [29/Jan/2024:12:26:46 +0000] "POST /api/v1/note/login HTTP/1.1" 404 47 "-" "PostmanRuntime/7.36.1"

info: ::1 - - [29/Jan/2024:12:27:41 +0000] "POST /api/v1/note/login HTTP/1.1" 404 47 "-" "PostmanRuntime/7.36.1"

info: ::1 - - [29/Jan/2024:12:30:44 +0000] "POST /api/v1/note/login HTTP/1.1" 404 47 "-" "PostmanRuntime/7.36.1"

info: ::1 - - [29/Jan/2024:12:30:57 +0000] "POST /api/v1/note/ HTTP/1.1" 404 47 "-" "PostmanRuntime/7.36.1"

info: ::1 - - [29/Jan/2024:12:32:21 +0000] "POST /api/v1/note/ HTTP/1.1" 404 47 "-" "PostmanRuntime/7.36.1"

info: ::1 - - [29/Jan/2024:12:33:02 +0000] "POST /api/v1/note/ HTTP/1.1" 404 47 "-" "PostmanRuntime/7.36.1"

info: ::1 - - [29/Jan/2024:12:34:37 +0000] "POST /api/v1/note/ HTTP/1.1" 404 47 "-" "PostmanRuntime/7.36.1"

info: ::1 - - [29/Jan/2024:17:29:01 +0000] "POST /api/v1/user/registration HTTP/1.1" 500 89 "-" "PostmanRuntime/7.36.1"

info: ::1 - - [29/Jan/2024:17:29:11 +0000] "POST /api/v1/user/registration HTTP/1.1" 201 50 "-" "PostmanRuntime/7.36.1"

info: ::1 - - [29/Jan/2024:17:29:19 +0000] "POST /api/v1/user/registration HTTP/1.1" 500 74 "-" "PostmanRuntime/7.36.1"

info: ::1 - - [29/Jan/2024:17:29:40 +0000] "POST /api/v1/user/login HTTP/1.1" 200 199 "-" "PostmanRuntime/7.36.1"

