error: 
    status - 500 
    message - JsonWebTokenError: invalid signature
    at C:\Users\91939\work_space\flowTest-project\node_modules\jsonwebtoken\verify.js:133:19
    at getSecret (C:\Users\91939\work_space\flowTest-project\node_modules\jsonwebtoken\verify.js:90:14)
    at Object.verify (C:\Users\91939\work_space\flowTest-project\node_modules\jsonwebtoken\verify.js:94:10)
    at _callee$ (C:\Users\91939\work_space\flowTest-project\src\middlewares\/auth.middleware.js:22:32)
    at tryCatch (C:\Users\91939\work_space\flowTest-project\node_modules\@babel\runtime\helpers\regeneratorRuntime.js:45:16)
    at Generator.<anonymous> (C:\Users\91939\work_space\flowTest-project\node_modules\@babel\runtime\helpers\regeneratorRuntime.js:133:17)
    at Generator.next (C:\Users\91939\work_space\flowTest-project\node_modules\@babel\runtime\helpers\regeneratorRuntime.js:74:21)
    at asyncGeneratorStep (C:\Users\91939\work_space\flowTest-project\node_modules\@babel\runtime\helpers\asyncToGenerator.js:3:24)
    at _next (C:\Users\91939\work_space\flowTest-project\node_modules\@babel\runtime\helpers\asyncToGenerator.js:22:9)
    at C:\Users\91939\work_space\flowTest-project\node_modules\@babel\runtime\helpers\asyncToGenerator.js:27:7
    at new Promise (<anonymous>)
    at apply (C:\Users\91939\work_space\flowTest-project\node_modules\@babel\runtime\helpers\asyncToGenerator.js:19:12)
    at userAuth (C:\Users\91939\work_space\flowTest-project\src\middlewares\/auth.middleware.js:12:22)
    at Layer.handle [as handle_request] (C:\Users\91939\work_space\flowTest-project\node_modules\express\lib\router\layer.js:95:5)
    at next (C:\Users\91939\work_space\flowTest-project\node_modules\express\lib\router\route.js:144:13)
    at Route.dispatch (C:\Users\91939\work_space\flowTest-project\node_modules\express\lib\router\route.js:114:3)
    at Layer.handle [as handle_request] (C:\Users\91939\work_space\flowTest-project\node_modules\express\lib\router\layer.js:95:5)
    at C:\Users\91939\work_space\flowTest-project\node_modules\express\lib\router\index.js:284:15
    at param (C:\Users\91939\work_space\flowTest-project\node_modules\express\lib\router\index.js:365:14)
    at param (C:\Users\91939\work_space\flowTest-project\node_modules\express\lib\router\index.js:376:14)
    at Function.process_params (C:\Users\91939\work_space\flowTest-project\node_modules\express\lib\router\index.js:421:3)
    at next (C:\Users\91939\work_space\flowTest-project\node_modules\express\lib\router\index.js:280:10)
    at Function.handle (C:\Users\91939\work_space\flowTest-project\node_modules\express\lib\router\index.js:175:3)
    at router (C:\Users\91939\work_space\flowTest-project\node_modules\express\lib\router\index.js:47:12)
    at Layer.handle [as handle_request] (C:\Users\91939\work_space\flowTest-project\node_modules\express\lib\router\layer.js:95:5)
    at trim_prefix (C:\Users\91939\work_space\flowTest-project\node_modules\express\lib\router\index.js:328:13)
    at C:\Users\91939\work_space\flowTest-project\node_modules\express\lib\router\index.js:286:9
    at Function.process_params (C:\Users\91939\work_space\flowTest-project\node_modules\express\lib\router\index.js:346:12)
    at next (C:\Users\91939\work_space\flowTest-project\node_modules\express\lib\router\index.js:280:10)
    at Function.handle (C:\Users\91939\work_space\flowTest-project\node_modules\express\lib\router\index.js:175:3)
    at router (C:\Users\91939\work_space\flowTest-project\node_modules\express\lib\router\index.js:47:12)
    at Layer.handle [as handle_request] (C:\Users\91939\work_space\flowTest-project\node_modules\express\lib\router\layer.js:95:5)
    at trim_prefix (C:\Users\91939\work_space\flowTest-project\node_modules\express\lib\router\index.js:328:13)
    at C:\Users\91939\work_space\flowTest-project\node_modules\express\lib\router\index.js:286:9
    at Function.process_params (C:\Users\91939\work_space\flowTest-project\node_modules\express\lib\router\index.js:346:12)
    at next (C:\Users\91939\work_space\flowTest-project\node_modules\express\lib\router\index.js:280:10)
    at logger (C:\Users\91939\work_space\flowTest-project\node_modules\morgan\index.js:144:5)
    at Layer.handle [as handle_request] (C:\Users\91939\work_space\flowTest-project\node_modules\express\lib\router\layer.js:95:5)
    at trim_prefix (C:\Users\91939\work_space\flowTest-project\node_modules\express\lib\router\index.js:328:13)
    at C:\Users\91939\work_space\flowTest-project\node_modules\express\lib\router\index.js:286:9
    at Function.process_params (C:\Users\91939\work_space\flowTest-project\node_modules\express\lib\router\index.js:346:12)
    at next (C:\Users\91939\work_space\flowTest-project\node_modules\express\lib\router\index.js:280:10)
    at C:\Users\91939\work_space\flowTest-project\node_modules\body-parser\lib\read.js:137:5
    at AsyncResource.runInAsyncScope (node:async_hooks:203:9)
    at invokeCallback (C:\Users\91939\work_space\flowTest-project\node_modules\raw-body\index.js:231:16)
    at done (C:\Users\91939\work_space\flowTest-project\node_modules\raw-body\index.js:220:7)
    at IncomingMessage.onEnd (C:\Users\91939\work_space\flowTest-project\node_modules\raw-body\index.js:280:7)
    at IncomingMessage.emit (node:events:513:28)
    at IncomingMessage.emit (node:domain:489:12)
    at endReadableNT (node:internal/streams/readable:1359:12)
    at processTicksAndRejections (node:internal/process/task_queues:82:21) 
    url - /api/v1/user/profile/mani@25 
    method - GET 
    IP - ::1
   {"timestamp":"2024-01-31T04:57:41.285Z"}
info: Server started at http://localhost:3000/api/v1/ {"timestamp":"2024-01-31T05:03:40.186Z"}
info: Connected to the database. {"timestamp":"2024-01-31T05:03:40.203Z"}
info: Server started at http://localhost:3000/api/v1/ {"timestamp":"2024-01-31T05:03:46.321Z"}
info: Connected to the database. {"timestamp":"2024-01-31T05:03:46.340Z"}
info: Server started at http://localhost:3000/api/v1/ {"timestamp":"2024-01-31T05:03:50.139Z"}
info: Connected to the database. {"timestamp":"2024-01-31T05:03:50.196Z"}
info: Server started at http://localhost:3000/api/v1/ {"timestamp":"2024-01-31T05:04:04.817Z"}
info: Connected to the database. {"timestamp":"2024-01-31T05:04:04.836Z"}
info: Server started at http://localhost:3000/api/v1/ {"timestamp":"2024-01-31T05:04:15.733Z"}
info: Connected to the database. {"timestamp":"2024-01-31T05:04:15.752Z"}
info: Server started at http://localhost:3000/api/v1/ {"timestamp":"2024-01-31T05:04:18.774Z"}
info: Connected to the database. {"timestamp":"2024-01-31T05:04:18.795Z"}
error: 
    status - 500 
    message - CastError: Cast to ObjectId failed for value "{
  firstName: 'velluru',
  lastName: 'manoj kumar',
  email: 'saigudi2002@gmail.com',
  password: 'manoj@1234'
}" (type Object) at path "_id" for model "User"
    at model.Query.exec (C:\Users\91939\work_space\flowTest-project\node_modules\mongoose\lib\query.js:4498:21)
    at model.Query.Query.then (C:\Users\91939\work_space\flowTest-project\node_modules\mongoose\lib\query.js:4592:15)
    at processTicksAndRejections (node:internal/process/task_queues:95:5) 
    url - /api/v1/user/login 
    method - POST 
    IP - ::1
   {"timestamp":"2024-01-31T05:04:19.596Z"}
error: 
    status - 500 
    message - CastError: Cast to ObjectId failed for value "{
  firstName: 'velluru',
  lastName: 'manoj kumar',
  email: 'saigudi2002@gmail.com',
  password: 'manoj@1234'
}" (type Object) at path "_id" for model "User"
    at model.Query.exec (C:\Users\91939\work_space\flowTest-project\node_modules\mongoose\lib\query.js:4498:21)
    at model.Query.Query.then (C:\Users\91939\work_space\flowTest-project\node_modules\mongoose\lib\query.js:4592:15)
    at processTicksAndRejections (node:internal/process/task_queues:95:5) 
    url - /api/v1/user/login 
    method - POST 
    IP - ::1
   {"timestamp":"2024-01-31T05:04:23.564Z"}
info: Server started at http://localhost:3000/api/v1/ {"timestamp":"2024-01-31T05:05:37.778Z"}
info: Connected to the database. {"timestamp":"2024-01-31T05:05:37.797Z"}
info: Server started at http://localhost:3000/api/v1/ {"timestamp":"2024-01-31T05:06:10.200Z"}
info: Connected to the database. {"timestamp":"2024-01-31T05:06:10.218Z"}
error: 
    status - 500 
    message - JsonWebTokenError: invalid signature
    at C:\Users\91939\work_space\flowTest-project\node_modules\jsonwebtoken\verify.js:133:19
    at getSecret (C:\Users\91939\work_space\flowTest-project\node_modules\jsonwebtoken\verify.js:90:14)
    at Object.verify (C:\Users\91939\work_space\flowTest-project\node_modules\jsonwebtoken\verify.js:94:10)
    at _callee$ (C:\Users\91939\work_space\flowTest-project\src\middlewares\/auth.middleware.js:22:32)
    at tryCatch (C:\Users\91939\work_space\flowTest-project\node_modules\@babel\runtime\helpers\regeneratorRuntime.js:45:16)
    at Generator.<anonymous> (C:\Users\91939\work_space\flowTest-project\node_modules\@babel\runtime\helpers\regeneratorRuntime.js:133:17)
    at Generator.next (C:\Users\91939\work_space\flowTest-project\node_modules\@babel\runtime\helpers\regeneratorRuntime.js:74:21)
    at asyncGeneratorStep (C:\Users\91939\work_space\flowTest-project\node_modules\@babel\runtime\helpers\asyncToGenerator.js:3:24)
    at _next (C:\Users\91939\work_space\flowTest-project\node_modules\@babel\runtime\helpers\asyncToGenerator.js:22:9)
    at C:\Users\91939\work_space\flowTest-project\node_modules\@babel\runtime\helpers\asyncToGenerator.js:27:7
    at new Promise (<anonymous>)
    at apply (C:\Users\91939\work_space\flowTest-project\node_modules\@babel\runtime\helpers\asyncToGenerator.js:19:12)
    at userAuth (C:\Users\91939\work_space\flowTest-project\src\middlewares\/auth.middleware.js:12:22)
    at Layer.handle [as handle_request] (C:\Users\91939\work_space\flowTest-project\node_modules\express\lib\router\layer.js:95:5)
    at next (C:\Users\91939\work_space\flowTest-project\node_modules\express\lib\router\route.js:144:13)
    at Route.dispatch (C:\Users\91939\work_space\flowTest-project\node_modules\express\lib\router\route.js:114:3)
    at Layer.handle [as handle_request] (C:\Users\91939\work_space\flowTest-project\node_modules\express\lib\router\layer.js:95:5)
    at C:\Users\91939\work_space\flowTest-project\node_modules\express\lib\router\index.js:284:15
    at param (C:\Users\91939\work_space\flowTest-project\node_modules\express\lib\router\index.js:365:14)
    at param (C:\Users\91939\work_space\flowTest-project\node_modules\express\lib\router\index.js:376:14)
    at Function.process_params (C:\Users\91939\work_space\flowTest-project\node_modules\express\lib\router\index.js:421:3)
    at next (C:\Users\91939\work_space\flowTest-project\node_modules\express\lib\router\index.js:280:10)
    at Function.handle (C:\Users\91939\work_space\flowTest-project\node_modules\express\lib\router\index.js:175:3)
    at router (C:\Users\91939\work_space\flowTest-project\node_modules\express\lib\router\index.js:47:12)
    at Layer.handle [as handle_request] (C:\Users\91939\work_space\flowTest-project\node_modules\express\lib\router\layer.js:95:5)
    at trim_prefix (C:\Users\91939\work_space\flowTest-project\node_modules\express\lib\router\index.js:328:13)
    at C:\Users\91939\work_space\flowTest-project\node_modules\express\lib\router\index.js:286:9
    at Function.process_params (C:\Users\91939\work_space\flowTest-project\node_modules\express\lib\router\index.js:346:12)
    at next (C:\Users\91939\work_space\flowTest-project\node_modules\express\lib\router\index.js:280:10)
    at Function.handle (C:\Users\91939\work_space\flowTest-project\node_modules\express\lib\router\index.js:175:3)
    at router (C:\Users\91939\work_space\flowTest-project\node_modules\express\lib\router\index.js:47:12)
    at Layer.handle [as handle_request] (C:\Users\91939\work_space\flowTest-project\node_modules\express\lib\router\layer.js:95:5)
    at trim_prefix (C:\Users\91939\work_space\flowTest-project\node_modules\express\lib\router\index.js:328:13)
    at C:\Users\91939\work_space\flowTest-project\node_modules\express\lib\router\index.js:286:9
    at Function.process_params (C:\Users\91939\work_space\flowTest-project\node_modules\express\lib\router\index.js:346:12)
    at next (C:\Users\91939\work_space\flowTest-project\node_modules\express\lib\router\index.js:280:10)
    at logger (C:\Users\91939\work_space\flowTest-project\node_modules\morgan\index.js:144:5)
    at Layer.handle [as handle_request] (C:\Users\91939\work_space\flowTest-project\node_modules\express\lib\router\layer.js:95:5)
    at trim_prefix (C:\Users\91939\work_space\flowTest-project\node_modules\express\lib\router\index.js:328:13)
    at C:\Users\91939\work_space\flowTest-project\node_modules\express\lib\router\index.js:286:9
    at Function.process_params (C:\Users\91939\work_space\flowTest-project\node_modules\express\lib\router\index.js:346:12)
    at next (C:\Users\91939\work_space\flowTest-project\node_modules\express\lib\router\index.js:280:10)
    at C:\Users\91939\work_space\flowTest-project\node_modules\body-parser\lib\read.js:137:5
    at AsyncResource.runInAsyncScope (node:async_hooks:203:9)
    at invokeCallback (C:\Users\91939\work_space\flowTest-project\node_modules\raw-body\index.js:231:16)
    at done (C:\Users\91939\work_space\flowTest-project\node_modules\raw-body\index.js:220:7)
    at IncomingMessage.onEnd (C:\Users\91939\work_space\flowTest-project\node_modules\raw-body\index.js:280:7)
    at IncomingMessage.emit (node:events:513:28)
    at IncomingMessage.emit (node:domain:489:12)
    at endReadableNT (node:internal/streams/readable:1359:12)
    at processTicksAndRejections (node:internal/process/task_queues:82:21) 
    url - /api/v1/user/profile/65b8c8c578fa8319804e23ac' 
    method - GET 
    IP - ::1
   {"timestamp":"2024-01-31T05:08:54.365Z"}
error: 
    status - 500 
    message - JsonWebTokenError: invalid signature
    at C:\Users\91939\work_space\flowTest-project\node_modules\jsonwebtoken\verify.js:133:19
    at getSecret (C:\Users\91939\work_space\flowTest-project\node_modules\jsonwebtoken\verify.js:90:14)
    at Object.verify (C:\Users\91939\work_space\flowTest-project\node_modules\jsonwebtoken\verify.js:94:10)
    at _callee$ (C:\Users\91939\work_space\flowTest-project\src\middlewares\/auth.middleware.js:22:32)
    at tryCatch (C:\Users\91939\work_space\flowTest-project\node_modules\@babel\runtime\helpers\regeneratorRuntime.js:45:16)
    at Generator.<anonymous> (C:\Users\91939\work_space\flowTest-project\node_modules\@babel\runtime\helpers\regeneratorRuntime.js:133:17)
    at Generator.next (C:\Users\91939\work_space\flowTest-project\node_modules\@babel\runtime\helpers\regeneratorRuntime.js:74:21)
    at asyncGeneratorStep (C:\Users\91939\work_space\flowTest-project\node_modules\@babel\runtime\helpers\asyncToGenerator.js:3:24)
    at _next (C:\Users\91939\work_space\flowTest-project\node_modules\@babel\runtime\helpers\asyncToGenerator.js:22:9)
    at C:\Users\91939\work_space\flowTest-project\node_modules\@babel\runtime\helpers\asyncToGenerator.js:27:7
    at new Promise (<anonymous>)
    at apply (C:\Users\91939\work_space\flowTest-project\node_modules\@babel\runtime\helpers\asyncToGenerator.js:19:12)
    at userAuth (C:\Users\91939\work_space\flowTest-project\src\middlewares\/auth.middleware.js:12:22)
    at Layer.handle [as handle_request] (C:\Users\91939\work_space\flowTest-project\node_modules\express\lib\router\layer.js:95:5)
    at next (C:\Users\91939\work_space\flowTest-project\node_modules\express\lib\router\route.js:144:13)
    at Route.dispatch (C:\Users\91939\work_space\flowTest-project\node_modules\express\lib\router\route.js:114:3)
    at Layer.handle [as handle_request] (C:\Users\91939\work_space\flowTest-project\node_modules\express\lib\router\layer.js:95:5)
    at C:\Users\91939\work_space\flowTest-project\node_modules\express\lib\router\index.js:284:15
    at param (C:\Users\91939\work_space\flowTest-project\node_modules\express\lib\router\index.js:365:14)
    at param (C:\Users\91939\work_space\flowTest-project\node_modules\express\lib\router\index.js:376:14)
    at Function.process_params (C:\Users\91939\work_space\flowTest-project\node_modules\express\lib\router\index.js:421:3)
    at next (C:\Users\91939\work_space\flowTest-project\node_modules\express\lib\router\index.js:280:10)
    at Function.handle (C:\Users\91939\work_space\flowTest-project\node_modules\express\lib\router\index.js:175:3)
    at router (C:\Users\91939\work_space\flowTest-project\node_modules\express\lib\router\index.js:47:12)
    at Layer.handle [as handle_request] (C:\Users\91939\work_space\flowTest-project\node_modules\express\lib\router\layer.js:95:5)
    at trim_prefix (C:\Users\91939\work_space\flowTest-project\node_modules\express\lib\router\index.js:328:13)
    at C:\Users\91939\work_space\flowTest-project\node_modules\express\lib\router\index.js:286:9
    at Function.process_params (C:\Users\91939\work_space\flowTest-project\node_modules\express\lib\router\index.js:346:12)
    at next (C:\Users\91939\work_space\flowTest-project\node_modules\express\lib\router\index.js:280:10)
    at Function.handle (C:\Users\91939\work_space\flowTest-project\node_modules\express\lib\router\index.js:175:3)
    at router (C:\Users\91939\work_space\flowTest-project\node_modules\express\lib\router\index.js:47:12)
    at Layer.handle [as handle_request] (C:\Users\91939\work_space\flowTest-project\node_modules\express\lib\router\layer.js:95:5)
    at trim_prefix (C:\Users\91939\work_space\flowTest-project\node_modules\express\lib\router\index.js:328:13)
    at C:\Users\91939\work_space\flowTest-project\node_modules\express\lib\router\index.js:286:9
    at Function.process_params (C:\Users\91939\work_space\flowTest-project\node_modules\express\lib\router\index.js:346:12)
    at next (C:\Users\91939\work_space\flowTest-project\node_modules\express\lib\router\index.js:280:10)
    at logger (C:\Users\91939\work_space\flowTest-project\node_modules\morgan\index.js:144:5)
    at Layer.handle [as handle_request] (C:\Users\91939\work_space\flowTest-project\node_modules\express\lib\router\layer.js:95:5)
    at trim_prefix (C:\Users\91939\work_space\flowTest-project\node_modules\express\lib\router\index.js:328:13)
    at C:\Users\91939\work_space\flowTest-project\node_modules\express\lib\router\index.js:286:9
    at Function.process_params (C:\Users\91939\work_space\flowTest-project\node_modules\express\lib\router\index.js:346:12)
    at next (C:\Users\91939\work_space\flowTest-project\node_modules\express\lib\router\index.js:280:10)
    at C:\Users\91939\work_space\flowTest-project\node_modules\body-parser\lib\read.js:137:5
    at AsyncResource.runInAsyncScope (node:async_hooks:203:9)
    at invokeCallback (C:\Users\91939\work_space\flowTest-project\node_modules\raw-body\index.js:231:16)
    at done (C:\Users\91939\work_space\flowTest-project\node_modules\raw-body\index.js:220:7)
    at IncomingMessage.onEnd (C:\Users\91939\work_space\flowTest-project\node_modules\raw-body\index.js:280:7)
    at IncomingMessage.emit (node:events:513:28)
    at IncomingMessage.emit (node:domain:489:12)
    at endReadableNT (node:internal/streams/readable:1359:12)
    at processTicksAndRejections (node:internal/process/task_queues:82:21) 
    url - /api/v1/user/profile/65b8c8c578fa8319804e23ac 
    method - GET 
    IP - ::1
   {"timestamp":"2024-01-31T05:09:05.749Z"}
info: Server started at http://localhost:3000/api/v1/ {"timestamp":"2024-01-31T05:09:36.127Z"}
info: Connected to the database. {"timestamp":"2024-01-31T05:09:36.154Z"}
info: Server started at http://localhost:3000/api/v1/ {"timestamp":"2024-01-31T05:10:19.342Z"}
info: Connected to the database. {"timestamp":"2024-01-31T05:10:19.360Z"}
info: Server started at http://localhost:3000/api/v1/ {"timestamp":"2024-01-31T05:10:22.999Z"}
info: Connected to the database. {"timestamp":"2024-01-31T05:10:23.033Z"}
info: Server started at http://localhost:3000/api/v1/ {"timestamp":"2024-01-31T05:10:46.283Z"}
info: Connected to the database. {"timestamp":"2024-01-31T05:10:46.298Z"}
info: Server started at http://localhost:3000/api/v1/ {"timestamp":"2024-01-31T05:10:48.824Z"}
info: Connected to the database. {"timestamp":"2024-01-31T05:10:48.842Z"}
info: Server started at http://localhost:3000/api/v1/ {"timestamp":"2024-01-31T05:10:54.131Z"}
info: Connected to the database. {"timestamp":"2024-01-31T05:10:54.146Z"}
info: Server started at http://localhost:3000/api/v1/ {"timestamp":"2024-01-31T05:10:56.977Z"}
info: Connected to the database. {"timestamp":"2024-01-31T05:10:57.006Z"}
info: Server started at http://localhost:3000/api/v1/ {"timestamp":"2024-01-31T05:11:00.422Z"}
info: Connected to the database. {"timestamp":"2024-01-31T05:11:00.443Z"}
info: Server started at http://localhost:3000/api/v1/ {"timestamp":"2024-01-31T05:11:10.400Z"}
info: Connected to the database. {"timestamp":"2024-01-31T05:11:10.422Z"}
info: Server started at http://localhost:3000/api/v1/ {"timestamp":"2024-01-31T05:11:36.177Z"}
info: Connected to the database. {"timestamp":"2024-01-31T05:11:36.202Z"}
info: Server started at http://localhost:3000/api/v1/ {"timestamp":"2024-01-31T05:11:48.452Z"}
info: Connected to the database. {"timestamp":"2024-01-31T05:11:48.468Z"}
info: Server started at http://localhost:3000/api/v1/ {"timestamp":"2024-01-31T05:11:52.119Z"}
info: Connected to the database. {"timestamp":"2024-01-31T05:11:52.135Z"}
info: Server started at http://localhost:3000/api/v1/ {"timestamp":"2024-01-31T05:12:10.581Z"}
info: Connected to the database. {"timestamp":"2024-01-31T05:12:10.607Z"}
info: Server started at http://localhost:3000/api/v1/ {"timestamp":"2024-01-31T05:12:18.773Z"}
info: Connected to the database. {"timestamp":"2024-01-31T05:12:18.805Z"}
info: Server started at http://localhost:3000/api/v1/ {"timestamp":"2024-01-31T05:12:23.523Z"}
info: Connected to the database. {"timestamp":"2024-01-31T05:12:23.547Z"}
info: Server started at http://localhost:3000/api/v1/ {"timestamp":"2024-01-31T05:12:32.201Z"}
info: Connected to the database. {"timestamp":"2024-01-31T05:12:32.222Z"}
info: Server started at http://localhost:3000/api/v1/ {"timestamp":"2024-01-31T05:12:37.735Z"}
info: Connected to the database. {"timestamp":"2024-01-31T05:12:37.765Z"}
info: Server started at http://localhost:3000/api/v1/ {"timestamp":"2024-01-31T05:12:46.146Z"}
info: Connected to the database. {"timestamp":"2024-01-31T05:12:46.162Z"}
info: Server started at http://localhost:3000/api/v1/ {"timestamp":"2024-01-31T05:12:50.276Z"}
info: Connected to the database. {"timestamp":"2024-01-31T05:12:50.292Z"}
info: Server started at http://localhost:3000/api/v1/ {"timestamp":"2024-01-31T05:13:03.420Z"}
info: Connected to the database. {"timestamp":"2024-01-31T05:13:03.437Z"}
error: 
    status - 500 
    message - JsonWebTokenError: invalid signature
    at C:\Users\91939\work_space\flowTest-project\node_modules\jsonwebtoken\verify.js:133:19
    at getSecret (C:\Users\91939\work_space\flowTest-project\node_modules\jsonwebtoken\verify.js:90:14)
    at Object.verify (C:\Users\91939\work_space\flowTest-project\node_modules\jsonwebtoken\verify.js:94:10)
    at _callee$ (C:\Users\91939\work_space\flowTest-project\src\middlewares\/auth.middleware.js:22:32)
    at tryCatch (C:\Users\91939\work_space\flowTest-project\node_modules\@babel\runtime\helpers\regeneratorRuntime.js:45:16)
    at Generator.<anonymous> (C:\Users\91939\work_space\flowTest-project\node_modules\@babel\runtime\helpers\regeneratorRuntime.js:133:17)
    at Generator.next (C:\Users\91939\work_space\flowTest-project\node_modules\@babel\runtime\helpers\regeneratorRuntime.js:74:21)
    at asyncGeneratorStep (C:\Users\91939\work_space\flowTest-project\node_modules\@babel\runtime\helpers\asyncToGenerator.js:3:24)
    at _next (C:\Users\91939\work_space\flowTest-project\node_modules\@babel\runtime\helpers\asyncToGenerator.js:22:9)
    at C:\Users\91939\work_space\flowTest-project\node_modules\@babel\runtime\helpers\asyncToGenerator.js:27:7
    at new Promise (<anonymous>)
    at apply (C:\Users\91939\work_space\flowTest-project\node_modules\@babel\runtime\helpers\asyncToGenerator.js:19:12)
    at userAuth (C:\Users\91939\work_space\flowTest-project\src\middlewares\/auth.middleware.js:12:22)
    at Layer.handle [as handle_request] (C:\Users\91939\work_space\flowTest-project\node_modules\express\lib\router\layer.js:95:5)
    at next (C:\Users\91939\work_space\flowTest-project\node_modules\express\lib\router\route.js:144:13)
    at Route.dispatch (C:\Users\91939\work_space\flowTest-project\node_modules\express\lib\router\route.js:114:3)
    at Layer.handle [as handle_request] (C:\Users\91939\work_space\flowTest-project\node_modules\express\lib\router\layer.js:95:5)
    at C:\Users\91939\work_space\flowTest-project\node_modules\express\lib\router\index.js:284:15
    at param (C:\Users\91939\work_space\flowTest-project\node_modules\express\lib\router\index.js:365:14)
    at param (C:\Users\91939\work_space\flowTest-project\node_modules\express\lib\router\index.js:376:14)
    at Function.process_params (C:\Users\91939\work_space\flowTest-project\node_modules\express\lib\router\index.js:421:3)
    at next (C:\Users\91939\work_space\flowTest-project\node_modules\express\lib\router\index.js:280:10)
    at Function.handle (C:\Users\91939\work_space\flowTest-project\node_modules\express\lib\router\index.js:175:3)
    at router (C:\Users\91939\work_space\flowTest-project\node_modules\express\lib\router\index.js:47:12)
    at Layer.handle [as handle_request] (C:\Users\91939\work_space\flowTest-project\node_modules\express\lib\router\layer.js:95:5)
    at trim_prefix (C:\Users\91939\work_space\flowTest-project\node_modules\express\lib\router\index.js:328:13)
    at C:\Users\91939\work_space\flowTest-project\node_modules\express\lib\router\index.js:286:9
    at Function.process_params (C:\Users\91939\work_space\flowTest-project\node_modules\express\lib\router\index.js:346:12)
    at next (C:\Users\91939\work_space\flowTest-project\node_modules\express\lib\router\index.js:280:10)
    at Function.handle (C:\Users\91939\work_space\flowTest-project\node_modules\express\lib\router\index.js:175:3)
    at router (C:\Users\91939\work_space\flowTest-project\node_modules\express\lib\router\index.js:47:12)
    at Layer.handle [as handle_request] (C:\Users\91939\work_space\flowTest-project\node_modules\express\lib\router\layer.js:95:5)
    at trim_prefix (C:\Users\91939\work_space\flowTest-project\node_modules\express\lib\router\index.js:328:13)
    at C:\Users\91939\work_space\flowTest-project\node_modules\express\lib\router\index.js:286:9
    at Function.process_params (C:\Users\91939\work_space\flowTest-project\node_modules\express\lib\router\index.js:346:12)
    at next (C:\Users\91939\work_space\flowTest-project\node_modules\express\lib\router\index.js:280:10)
    at logger (C:\Users\91939\work_space\flowTest-project\node_modules\morgan\index.js:144:5)
    at Layer.handle [as handle_request] (C:\Users\91939\work_space\flowTest-project\node_modules\express\lib\router\layer.js:95:5)
    at trim_prefix (C:\Users\91939\work_space\flowTest-project\node_modules\express\lib\router\index.js:328:13)
    at C:\Users\91939\work_space\flowTest-project\node_modules\express\lib\router\index.js:286:9
    at Function.process_params (C:\Users\91939\work_space\flowTest-project\node_modules\express\lib\router\index.js:346:12)
    at next (C:\Users\91939\work_space\flowTest-project\node_modules\express\lib\router\index.js:280:10)
    at C:\Users\91939\work_space\flowTest-project\node_modules\body-parser\lib\read.js:137:5
    at AsyncResource.runInAsyncScope (node:async_hooks:203:9)
    at invokeCallback (C:\Users\91939\work_space\flowTest-project\node_modules\raw-body\index.js:231:16)
    at done (C:\Users\91939\work_space\flowTest-project\node_modules\raw-body\index.js:220:7)
    at IncomingMessage.onEnd (C:\Users\91939\work_space\flowTest-project\node_modules\raw-body\index.js:280:7)
    at IncomingMessage.emit (node:events:513:28)
    at IncomingMessage.emit (node:domain:489:12)
    at endReadableNT (node:internal/streams/readable:1359:12)
    at processTicksAndRejections (node:internal/process/task_queues:82:21) 
    url - /api/v1/user/profile/65b8c8c578fa8319804e23ac 
    method - GET 
    IP - ::1
   {"timestamp":"2024-01-31T05:13:17.021Z"}
info: Server started at http://localhost:3000/api/v1/ {"timestamp":"2024-01-31T05:14:03.975Z"}
info: Connected to the database. {"timestamp":"2024-01-31T05:14:03.993Z"}
info: Server started at http://localhost:3000/api/v1/ {"timestamp":"2024-01-31T06:06:01.788Z"}
info: Connected to the database. {"timestamp":"2024-01-31T06:06:01.815Z"}
info: Server started at http://localhost:3000/api/v1/ {"timestamp":"2024-01-31T06:07:21.670Z"}
info: Connected to the database. {"timestamp":"2024-01-31T06:07:21.687Z"}
error: 
    status - 500 
    message - ValidationError: "firstName" length must be at least 7 characters long 
    url - /api/v1/user/registration 
    method - POST 
    IP - ::1
   {"timestamp":"2024-01-31T06:08:01.436Z"}
error: 
    status - 500 
    message - ValidationError: "lastName" length must be at least 7 characters long 
    url - /api/v1/user/registration 
    method - POST 
    IP - ::1
   {"timestamp":"2024-01-31T06:08:13.882Z"}
